Build started 4/7/2019 1:52:04 PM.
     1>Project "C:\Users\Austin\Desktop\a3\a3.vcxproj" on node 2 (Build target(s)).
     1>ClCompile:
         C:\Program Files (x86)\Microsoft Visual Studio 14.0\VC\bin\CL.exe /c /Zi /nologo /W3 /WX- /Od /Oy- /D WIN32 /D _DEBUG /D _CONSOLE /Gm /EHsc /RTC1 /MDd /GS /fp:precise /Zc:wchar_t /Zc:forScope /Zc:inline /Fo"Debug\\" /Fd"Debug\vc140.pdb" /Gd /TP /analyze- /errorReport:prompt light.cpp
         light.cpp
     1>light.cpp(23): error C2660: 'GPUProgram::setVec3': function does not take 3 arguments
     1>light.cpp(26): error C2039: 'sceneScale': is not a member of 'Scene'
         c:\users\austin\desktop\a3\scene.h(23): note: see declaration of 'Scene'
     1>Done Building Project "C:\Users\Austin\Desktop\a3\a3.vcxproj" (Build target(s)) -- FAILED.

Build FAILED.

Time Elapsed 00:00:01.53
